[INFO] [2025-05-07 10:36:19] 任务文件不存在，开始新建。
[INFO] [2025-05-07 10:37:45] 添加任务成功。task add ID: 1, 描述: 早起吃饭, 优先级: 2, 截止日期: 2025-2-2
[INFO] [2025-05-07 10:40:13] 任务文件不存在，开始新建。
[INFO] [2025-05-07 10:40:23] 添加任务成功。task add ID: 1, 描述: 早起吃饭, 优先级: 2, 截止日期: 2025-2-2
[ERROR] [2025-05-07 10:41:04] 保存任务时发生异常: [json.exception.type_error.316] invalid UTF-8 byte at index 1: 0xE7
[INFO] [2025-05-07 10:43:00] 任务文件不存在，开始新建。
[INFO] [2025-05-07 10:43:03] 添加任务成功。task add ID: 1, 描述: go to bed, 优先级: 2, 截止日期: 2025-2-2
[INFO] [2025-05-07 10:43:22] 保存任务成功。
[INFO] [2025-05-07 10:48:37] 加载任务成功。
[INFO] [2025-05-07 10:48:37] 添加任务成功。task add ID: 2, 描述: sleep, 优先级: 2, 截止日期: 2025-2-2
[INFO] [2025-05-07 10:48:39] 保存任务成功。
[INFO] [2025-05-07 10:49:06] 加载任务成功。
[INFO] [2025-05-07 10:49:06] 加载任务成功。
[INFO] [2025-05-07 10:49:06] 添加任务成功。task add ID: 3, 描述: 睡觉, 优先级: 2, 截止日期: 2025-2-2
[ERROR] [2025-05-07 10:49:08] 保存任务时发生异常: [json.exception.type_error.316] invalid UTF-8 byte at index 2: 0xBE
[INFO] [2025-05-07 14:16:27] 任务文件不存在，开始新建。
[INFO] [2025-05-07 14:16:27] 添加任务成功。task add ID: 1, 描述: go to sleep , 优先级: 2, 截止日期: 2025-2-2
[INFO] [2025-05-07 14:16:31] 保存任务成功。
[INFO] [2025-05-07 14:16:31] 添加任务成功。task add ID: 2, 描述: go to bed , 优先级: 2, 截止日期: 2025-2-2
[INFO] [2025-05-07 14:16:34] 保存任务成功。
[INFO] [2025-05-07 14:16:34] 添加任务成功。task add ID: 3, 描述: go to tree , 优先级: 2, 截止日期: 2025-2-2
[INFO] [2025-05-07 14:16:36] 保存任务成功。
[INFO] [2025-05-07 14:17:58] 任务文件不存在，开始新建。
[INFO] [2025-05-07 14:17:58] 添加任务成功。task add ID: 1, 描述: go to sleep , 优先级: 2, 截止日期: 2025-2-2
[INFO] [2025-05-07 14:17:58] 保存任务成功。
[INFO] [2025-05-07 14:17:58] 添加任务成功。task add ID: 2, 描述: go to bed , 优先级: 2, 截止日期: 2025-2-2
[INFO] [2025-05-07 14:17:58] 保存任务成功。
[INFO] [2025-05-07 14:17:58] 添加任务成功。task add ID: 3, 描述: go to tree , 优先级: 2, 截止日期: 2025-2-2
[INFO] [2025-05-07 14:17:58] 保存任务成功。
[INFO] [2025-05-07 14:18:30] 加载任务成功。
[INFO] [2025-05-07 14:18:30] 加载任务成功。
[INFO] [2025-05-07 14:18:30] 加载任务成功。
[INFO] [2025-05-07 14:19:21] 加载任务成功。
[INFO] [2025-05-07 14:19:21] 加载任务成功。
[INFO] [2025-05-07 14:19:21] 加载任务成功。
[INFO] [2025-05-07 14:19:21] 更新前任务: ID: 1, 描述: go to sleep , 优先级: 2, 截止日期: 2025-2-2
[INFO] [2025-05-07 14:19:21] 更新后任务: ID: 1, 描述: go to bed , 优先级: 2, 截止日期: 2025-2-2
[INFO] [2025-05-07 14:19:21] 保存任务成功。
[INFO] [2025-05-07 14:21:08] 加载任务成功。
[INFO] [2025-05-07 14:21:08] 加载任务成功。
[INFO] [2025-05-07 14:21:08] 加载任务成功。
[INFO] [2025-05-07 14:21:08] 更新前任务: ID: 1, 描述: go to bed , 优先级: 2, 截止日期: 2025-2-2
[INFO] [2025-05-07 14:21:08] 更新后任务: ID: 1, 描述: do love with me , 优先级: 2, 截止日期: 2025-2-2
[INFO] [2025-05-07 14:21:08] 保存任务成功。
[INFO] [2025-05-07 14:26:31] 加载任务成功。
[INFO] [2025-05-07 14:26:31] 加载任务成功。
[INFO] [2025-05-07 14:26:31] 加载任务成功。
[INFO] [2025-05-07 14:27:39] 加载任务成功。
[INFO] [2025-05-07 14:27:39] 加载任务成功。
[INFO] [2025-05-07 14:27:39] 加载任务成功。
[INFO] [2025-05-07 14:29:36] 加载任务成功。
[INFO] [2025-05-07 14:29:36] 加载任务成功。
[INFO] [2025-05-07 14:29:36] 加载任务成功。
[INFO] [2025-05-07 14:31:47] 加载任务成功。
[INFO] [2025-05-07 14:31:47] 加载任务成功。
[INFO] [2025-05-07 14:31:47] 加载任务成功。
[INFO] [2025-05-07 14:33:26] 加载任务成功。
[INFO] [2025-05-07 14:33:26] 加载任务成功。
[INFO] [2025-05-07 14:33:26] 加载任务成功。
[INFO] [2025-05-07 14:33:28] 删除任务: ID: 1, 描述: do love with me , 优先级: 2, 截止日期: 2025-2-2
[INFO] [2025-05-07 14:33:28] 保存任务成功。
[INFO] [2025-05-07 15:41:28] 加载任务成功。
[INFO] [2025-05-07 15:41:28] 加载任务成功。
[INFO] [2025-05-07 15:42:14] 加载任务成功。
[INFO] [2025-05-07 15:42:14] 加载任务成功。
[INFO] [2025-05-07 15:43:35] 加载任务成功。
[INFO] [2025-05-07 15:43:35] 加载任务成功。
[INFO] [2025-05-07 15:44:06] 添加任务成功。task add ID: 4, 描述: love me, 优先级: 1, 截止日期: 2025-5-7
[INFO] [2025-05-07 15:44:06] 保存任务成功。
[INFO] [2025-05-07 15:44:38] 删除任务: ID: 4, 描述: love me, 优先级: 1, 截止日期: 2025-5-7
[INFO] [2025-05-07 15:44:38] 保存任务成功。
[INFO] [2025-05-07 16:00:24] 加载任务成功。
[INFO] [2025-05-07 16:00:24] 加载任务成功。
[INFO] [2025-05-07 16:00:37] 保存任务成功。
[INFO] [2025-05-07 16:00:37] 保存任务成功。
[INFO] [2025-05-07 16:17:20] 加载任务成功。
[INFO] [2025-05-07 16:17:20] 加载任务成功。
[INFO] [2025-05-07 16:19:22] 加载任务成功。
[INFO] [2025-05-07 16:19:22] 加载任务成功。
[INFO] [2025-05-07 16:21:11] 加载任务成功。
[INFO] [2025-05-07 16:21:11] 加载任务成功。
[INFO] [2025-05-07 16:33:53] 添加任务成功。task add ID: 1, 描述: test, 优先级: 1, 截止日期: 2023-10-01
[INFO] [2025-05-07 16:33:53] 保存任务成功。
[INFO] [2025-05-07 16:34:30] 添加任务成功。task add ID: 2, 描述: test2, 优先级: 1, 截止日期: 2025-5-4
[INFO] [2025-05-07 16:34:30] 保存任务成功。
[INFO] [2025-05-07 16:40:33] 添加任务成功。task add ID: 1, 描述: test, 优先级: 1, 截止日期: 1-1-1
[INFO] [2025-05-07 16:40:33] 保存任务成功。
[INFO] [2025-05-07 16:41:20] 任务文件不存在，开始新建。
[INFO] [2025-05-07 16:41:20] 添加任务成功。task add ID: 1, 描述: test, 优先级: 1, 截止日期: 1-1-1
[INFO] [2025-05-07 16:41:20] 保存任务成功。
[INFO] [2025-05-07 16:42:13] 任务文件不存在，开始新建。
[INFO] [2025-05-07 16:42:13] 添加任务成功。task add ID: 1, 描述: test, 优先级: 1, 截止日期: 1-1-1
[INFO] [2025-05-07 16:42:13] 保存任务成功。
[INFO] [2025-05-07 16:43:47] 任务文件不存在，开始新建。
[INFO] [2025-05-07 16:44:24] 添加任务成功。task add ID: 1, 描述: test, 优先级: 1, 截止日期: 1-1-1
[INFO] [2025-05-07 16:44:24] 保存任务成功。
[INFO] [2025-05-07 16:44:51] 添加任务成功。task add ID: 2, 描述: test2, 优先级: 2, 截止日期: 1-1-1
[INFO] [2025-05-07 16:44:51] 保存任务成功。
[INFO] [2025-05-07 16:44:57] 删除任务: ID: 1, 描述: test, 优先级: 1, 截止日期: 1-1-1
[INFO] [2025-05-07 16:44:57] 保存任务成功。
[INFO] [2025-05-07 21:56:48] 加载任务成功。
[INFO] [2025-05-07 21:57:15] 添加任务成功。task add ID: 3, 描述: test3, 优先级: 1, 截止日期: 2025-2-25
[INFO] [2025-05-07 21:57:15] 保存任务成功。
